<?xml version="1.0" encoding="UTF-8"?>
<!-- Generated by org.testng.reporters.JUnitXMLReporter -->
<testsuite hostname="LM-MAA-22004742" failures="1" tests="3" name="Test" time="37.463" errors="0" timestamp="20 Aug 2019 14:19:43 GMT">
  <testcase classname="case_study.TestSearchFeature" name="validateProductsSearch" time="12.601"/>
  <testcase classname="case_study.TestSearchFeature" name="validateProductsSearch" time="11.814"/>
  <testcase classname="case_study.TestSearchFeature" name="validateProductsSearch" time="12.078">
    <failure type="java.lang.AssertionError" message="Average Customer reviews Mismatch! expected [true] but found [false]">
      <![CDATA[java.lang.AssertionError: Average Customer reviews Mismatch! expected [true] but found [false]
	at case_study.TestSearchFeature.validateProductsSearch(TestSearchFeature.java:118)
... Removed 27 stack frames]]>
    </failure>
  </testcase> <!-- validateProductsSearch -->
</testsuite> <!-- Test -->
