<?xml version="1.0" encoding="UTF-8"?>
<testng-results total="1" passed="1" failed="0" skipped="0">
  <reporter-output>
  </reporter-output>
  <suite started-at="2019-08-08T05:31:10Z" name="Suite" finished-at="2019-08-08T05:31:10Z" duration-ms="23">
    <groups>
    </groups>
    <test started-at="2019-08-08T05:31:10Z" name="Test" finished-at="2019-08-08T05:31:10Z" duration-ms="23">
      <class name="case_study.SampleTest">
        <test-method signature="method1()[pri:0, instance:case_study.SampleTest@6989da5e]" started-at="2019-08-08T11:01:10Z" name="method1" finished-at="2019-08-08T11:01:10Z" duration-ms="10" status="PASS">
          <reporter-output>
          </reporter-output>
        </test-method> <!-- method1 -->
      </class> <!-- case_study.SampleTest -->
    </test> <!-- Test -->
  </suite> <!-- Suite -->
</testng-results>
