<?xml version="1.0" encoding="UTF-8"?>
<testng-results total="3" passed="2" failed="1" skipped="0">
  <reporter-output>
  </reporter-output>
  <suite started-at="2019-08-20T14:19:06Z" name="Suite" finished-at="2019-08-20T14:19:43Z" duration-ms="37463">
    <groups>
    </groups>
    <test started-at="2019-08-20T14:19:06Z" name="Test" finished-at="2019-08-20T14:19:43Z" duration-ms="37463">
      <class name="case_study.TestSearchFeature">
        <test-method is-config="true" signature="setUp(java.lang.String)[pri:0, instance:case_study.TestSearchFeature@6ab778a]" started-at="2019-08-20T19:49:06Z" name="setUp" finished-at="2019-08-20T19:49:06Z" duration-ms="186" status="PASS">
          <params>
            <param index="0">
              <value>
                <![CDATA[chrome]]>
              </value>
            </param>
          </params>
          <reporter-output>
          </reporter-output>
        </test-method> <!-- setUp -->
        <test-method signature="validateProductsSearch(java.lang.String, java.lang.String, java.util.Map)[pri:0, instance:case_study.TestSearchFeature@6ab778a]" started-at="2019-08-20T19:49:06Z" name="validateProductsSearch" data-provider="testdata" finished-at="2019-08-20T19:49:19Z" duration-ms="12601" status="PASS">
          <params>
            <param index="0">
              <value>
                <![CDATA[Books]]>
              </value>
            </param>
            <param index="1">
              <value>
                <![CDATA[data]]>
              </value>
            </param>
            <param index="2">
              <value>
                <![CDATA[{author=Narasimha Karumanchi (Author), averagecustomerreviews=519 customer reviews, edition=Kindle Edition
₹ 0.00
This title and over 1 million more available with Kindle Unlimited
₹ 499.00 to buy
Paperback
₹ 499.00
9 New from ₹ 399.00, title=Data Structures and Algorithms Made Easy}]]>
              </value>
            </param>
          </params>
          <reporter-output>
          </reporter-output>
        </test-method> <!-- validateProductsSearch -->
        <test-method is-config="true" signature="getResult(org.testng.ITestResult)[pri:0, instance:case_study.TestSearchFeature@6ab778a]" started-at="2019-08-20T19:49:19Z" name="getResult" finished-at="2019-08-20T19:49:19Z" duration-ms="176" status="PASS">
          <params>
            <param index="0">
              <value>
                <![CDATA[[TestResult name=validateProductsSearch status=SUCCESS method=TestSearchFeature.validateProductsSearch(java.lang.String, java.lang.String, java.util.Map)[pri:0, instance:case_study.TestSearchFeature@6ab778a] output={null}]]]>
              </value>
            </param>
          </params>
          <reporter-output>
          </reporter-output>
        </test-method> <!-- getResult -->
        <test-method signature="validateProductsSearch(java.lang.String, java.lang.String, java.util.Map)[pri:0, instance:case_study.TestSearchFeature@6ab778a]" started-at="2019-08-20T19:49:19Z" name="validateProductsSearch" data-provider="testdata" finished-at="2019-08-20T19:49:31Z" duration-ms="11814" status="PASS">
          <params>
            <param index="0">
              <value>
                <![CDATA[Books]]>
              </value>
            </param>
            <param index="1">
              <value>
                <![CDATA[data structures and algorithms]]>
              </value>
            </param>
            <param index="2">
              <value>
                <![CDATA[{author=Vibrant Publishers, averagecustomerreviews=12 customer reviews, edition=Kindle Edition
₹ 599.00
Read with Our Free App
Paperback
₹ 599.00
19 New from ₹ 599.00, title=Data Structures & Algorithms Interview Questions}]]>
              </value>
            </param>
          </params>
          <reporter-output>
          </reporter-output>
        </test-method> <!-- validateProductsSearch -->
        <test-method is-config="true" signature="getResult(org.testng.ITestResult)[pri:0, instance:case_study.TestSearchFeature@6ab778a]" started-at="2019-08-20T19:49:31Z" name="getResult" finished-at="2019-08-20T19:49:31Z" duration-ms="167" status="PASS">
          <params>
            <param index="0">
              <value>
                <![CDATA[[TestResult name=validateProductsSearch status=SUCCESS method=TestSearchFeature.validateProductsSearch(java.lang.String, java.lang.String, java.util.Map)[pri:0, instance:case_study.TestSearchFeature@6ab778a] output={null}]]]>
              </value>
            </param>
          </params>
          <reporter-output>
          </reporter-output>
        </test-method> <!-- getResult -->
        <test-method signature="validateProductsSearch(java.lang.String, java.lang.String, java.util.Map)[pri:0, instance:case_study.TestSearchFeature@6ab778a]" started-at="2019-08-20T19:49:31Z" name="validateProductsSearch" data-provider="testdata" finished-at="2019-08-20T19:49:43Z" duration-ms="12078" status="FAIL">
          <params>
            <param index="0">
              <value>
                <![CDATA[Books]]>
              </value>
            </param>
            <param index="1">
              <value>
                <![CDATA[data structures and algorithms]]>
              </value>
            </param>
            <param index="2">
              <value>
                <![CDATA[{author=Vibrant Publishers, averagecustomerreviews=13 customer reviews, edition=Kindle Edition
₹ 599.00
Read with Our Free App
Paperback
₹ 599.00
19 New from ₹ 599.00, title=Data Structures & Algorithms Interview Questions}]]>
              </value>
            </param>
          </params>
          <exception class="java.lang.AssertionError">
            <message>
              <![CDATA[Average Customer reviews Mismatch! expected [true] but found [false]]]>
            </message>
            <full-stacktrace>
              <![CDATA[java.lang.AssertionError: Average Customer reviews Mismatch! expected [true] but found [false]
	at org.testng.Assert.fail(Assert.java:94)
	at org.testng.Assert.failNotEquals(Assert.java:494)
	at org.testng.Assert.assertTrue(Assert.java:42)
	at case_study.TestSearchFeature.validateProductsSearch(TestSearchFeature.java:118)
	at java.base/jdk.internal.reflect.NativeMethodAccessorImpl.invoke0(Native Method)
	at java.base/jdk.internal.reflect.NativeMethodAccessorImpl.invoke(NativeMethodAccessorImpl.java:62)
	at java.base/jdk.internal.reflect.DelegatingMethodAccessorImpl.invoke(DelegatingMethodAccessorImpl.java:43)
	at java.base/java.lang.reflect.Method.invoke(Method.java:564)
	at org.testng.internal.MethodInvocationHelper.invokeMethod(MethodInvocationHelper.java:80)
	at org.testng.internal.Invoker.invokeMethod(Invoker.java:714)
	at org.testng.internal.Invoker.invokeTestMethod(Invoker.java:901)
	at org.testng.internal.Invoker.invokeTestMethods(Invoker.java:1231)
	at org.testng.internal.TestMethodWorker.invokeTestMethods(TestMethodWorker.java:127)
	at org.testng.internal.TestMethodWorker.run(TestMethodWorker.java:111)
	at org.testng.TestRunner.privateRun(TestRunner.java:767)
	at org.testng.TestRunner.run(TestRunner.java:617)
	at org.testng.SuiteRunner.runTest(SuiteRunner.java:334)
	at org.testng.SuiteRunner.runSequentially(SuiteRunner.java:329)
	at org.testng.SuiteRunner.privateRun(SuiteRunner.java:291)
	at org.testng.SuiteRunner.run(SuiteRunner.java:240)
	at org.testng.SuiteRunnerWorker.runSuite(SuiteRunnerWorker.java:52)
	at org.testng.SuiteRunnerWorker.run(SuiteRunnerWorker.java:86)
	at org.testng.TestNG.runSuitesSequentially(TestNG.java:1198)
	at org.testng.TestNG.runSuitesLocally(TestNG.java:1123)
	at org.testng.TestNG.run(TestNG.java:1031)
	at org.testng.remote.AbstractRemoteTestNG.run(AbstractRemoteTestNG.java:114)
	at org.testng.remote.RemoteTestNG.initAndRun(RemoteTestNG.java:251)
	at org.testng.remote.RemoteTestNG.main(RemoteTestNG.java:77)
]]>
            </full-stacktrace>
          </exception> <!-- java.lang.AssertionError -->
          <reporter-output>
          </reporter-output>
        </test-method> <!-- validateProductsSearch -->
        <test-method is-config="true" signature="getResult(org.testng.ITestResult)[pri:0, instance:case_study.TestSearchFeature@6ab778a]" started-at="2019-08-20T19:49:43Z" name="getResult" finished-at="2019-08-20T19:49:43Z" duration-ms="169" status="PASS">
          <params>
            <param index="0">
              <value>
                <![CDATA[[TestResult name=validateProductsSearch status=FAILURE method=TestSearchFeature.validateProductsSearch(java.lang.String, java.lang.String, java.util.Map)[pri:0, instance:case_study.TestSearchFeature@6ab778a] output={null}]]]>
              </value>
            </param>
          </params>
          <reporter-output>
          </reporter-output>
        </test-method> <!-- getResult -->
        <test-method is-config="true" signature="tearDown()[pri:0, instance:case_study.TestSearchFeature@6ab778a]" started-at="2019-08-20T19:49:43Z" name="tearDown" finished-at="2019-08-20T19:49:43Z" duration-ms="256" status="PASS">
          <reporter-output>
          </reporter-output>
        </test-method> <!-- tearDown -->
      </class> <!-- case_study.TestSearchFeature -->
    </test> <!-- Test -->
  </suite> <!-- Suite -->
</testng-results>
